<?xml version="1.0" encoding="UTF-8"?>
<!-- Generated by org.testng.reporters.JUnitXMLReporter -->
<testsuite ignored="0" hostname="LAPTOP-CV46QDVC" failures="0" tests="4" name="Test" time="25.129" errors="0" timestamp="2023-12-18T12:57:52 IST">
  <testcase classname="selenium.testcases.LoginTest" name="loginTestWithVlaidCredentials" time="2.648"/>
  <testcase classname="selenium.testcases.LoginTest" name="loginTestWithInvalidCredentials" time="4.502"/>
  <testcase classname="selenium.testcases.SearchTest" name="searchValidProduct" time="0.883"/>
  <testcase classname="selenium.testcases.SearchTest" name="searchInvalidProduct" time="0.893"/>
</testsuite> <!-- Test -->
