<?xml version="1.0" encoding="UTF-8"?>
<testng-results ignored="0" total="4" passed="4" failed="0" skipped="0">
  <reporter-output>
  </reporter-output>
  <suite started-at="2023-12-18T12:57:27 IST" name="Suite" finished-at="2023-12-18T12:57:52 IST" duration-ms="25129">
    <groups>
    </groups>
    <test started-at="2023-12-18T12:57:27 IST" name="Test" finished-at="2023-12-18T12:57:52 IST" duration-ms="25129">
      <class name="selenium.testcases.SearchTest">
        <test-method is-config="true" signature="setUp()[pri:0, instance:selenium.testcases.SearchTest@747ddf94]" started-at="2023-12-18T12:57:44 IST" name="setUp" finished-at="2023-12-18T12:57:47 IST" duration-ms="2707" status="PASS">
          <reporter-output>
          </reporter-output>
        </test-method> <!-- setUp -->
        <test-method signature="searchValidProduct()[pri:1, instance:selenium.testcases.SearchTest@747ddf94]" started-at="2023-12-18T12:57:47 IST" name="searchValidProduct" finished-at="2023-12-18T12:57:47 IST" duration-ms="883" status="PASS">
          <reporter-output>
          </reporter-output>
        </test-method> <!-- searchValidProduct -->
        <test-method is-config="true" signature="browserQuit()[pri:0, instance:selenium.testcases.SearchTest@747ddf94]" started-at="2023-12-18T12:57:47 IST" name="browserQuit" finished-at="2023-12-18T12:57:48 IST" duration-ms="348" status="PASS">
          <reporter-output>
          </reporter-output>
        </test-method> <!-- browserQuit -->
        <test-method is-config="true" signature="setUp()[pri:0, instance:selenium.testcases.SearchTest@747ddf94]" started-at="2023-12-18T12:57:48 IST" name="setUp" finished-at="2023-12-18T12:57:51 IST" duration-ms="3367" status="PASS">
          <reporter-output>
          </reporter-output>
        </test-method> <!-- setUp -->
        <test-method signature="searchInvalidProduct()[pri:2, instance:selenium.testcases.SearchTest@747ddf94]" started-at="2023-12-18T12:57:51 IST" name="searchInvalidProduct" finished-at="2023-12-18T12:57:52 IST" duration-ms="893" status="PASS">
          <reporter-output>
          </reporter-output>
        </test-method> <!-- searchInvalidProduct -->
        <test-method is-config="true" signature="browserQuit()[pri:0, instance:selenium.testcases.SearchTest@747ddf94]" started-at="2023-12-18T12:57:52 IST" name="browserQuit" finished-at="2023-12-18T12:57:52 IST" duration-ms="274" status="PASS">
          <reporter-output>
          </reporter-output>
        </test-method> <!-- browserQuit -->
      </class> <!-- selenium.testcases.SearchTest -->
      <class name="selenium.testcases.LoginTest">
        <test-method is-config="true" signature="setUp()[pri:0, instance:selenium.testcases.LoginTest@245b4bdc]" started-at="2023-12-18T12:57:27 IST" name="setUp" finished-at="2023-12-18T12:57:31 IST" duration-ms="4159" status="PASS">
          <reporter-output>
          </reporter-output>
        </test-method> <!-- setUp -->
        <test-method signature="loginTestWithVlaidCredentials()[pri:1, instance:selenium.testcases.LoginTest@245b4bdc]" started-at="2023-12-18T12:57:31 IST" name="loginTestWithVlaidCredentials" finished-at="2023-12-18T12:57:34 IST" duration-ms="2648" status="PASS">
          <reporter-output>
          </reporter-output>
        </test-method> <!-- loginTestWithVlaidCredentials -->
        <test-method is-config="true" signature="browserQuit()[pri:0, instance:selenium.testcases.LoginTest@245b4bdc]" started-at="2023-12-18T12:57:34 IST" name="browserQuit" finished-at="2023-12-18T12:57:35 IST" duration-ms="393" status="PASS">
          <reporter-output>
          </reporter-output>
        </test-method> <!-- browserQuit -->
        <test-method is-config="true" signature="setUp()[pri:0, instance:selenium.testcases.LoginTest@245b4bdc]" started-at="2023-12-18T12:57:35 IST" name="setUp" finished-at="2023-12-18T12:57:39 IST" duration-ms="4566" status="PASS">
          <reporter-output>
          </reporter-output>
        </test-method> <!-- setUp -->
        <test-method signature="loginTestWithInvalidCredentials()[pri:2, instance:selenium.testcases.LoginTest@245b4bdc]" started-at="2023-12-18T12:57:39 IST" name="loginTestWithInvalidCredentials" finished-at="2023-12-18T12:57:44 IST" duration-ms="4502" status="PASS">
          <reporter-output>
          </reporter-output>
        </test-method> <!-- loginTestWithInvalidCredentials -->
        <test-method is-config="true" signature="browserQuit()[pri:0, instance:selenium.testcases.LoginTest@245b4bdc]" started-at="2023-12-18T12:57:44 IST" name="browserQuit" finished-at="2023-12-18T12:57:44 IST" duration-ms="278" status="PASS">
          <reporter-output>
          </reporter-output>
        </test-method> <!-- browserQuit -->
      </class> <!-- selenium.testcases.LoginTest -->
    </test> <!-- Test -->
  </suite> <!-- Suite -->
</testng-results>
